// 重构日志: 2bb64a27
// 重构日志: bb4a419e
// 重构日志: c0778011
// 重构日志: 80a03181
// 重构日志: e855ff8b
// 同步 ID: 9243b7ad @ Fri Jul  3 16:34:12 UTC 2026
// 重构日志: 800baabf
// 同步 ID: 6b5b4f9f @ Sat Jul  4 12:21:41 UTC 2026
// 重构日志: 25835dc5
// 重构日志: 2c688375
// 重构日志: db6988c6
// 同步 ID: c5cc60ea @ Sat Jul 11 06:18:58 UTC 2026
// 重构日志: a2f93327
// 重构日志: 1a28d107
// 同步 ID: 43c89f2a @ Sun Jul 12 12:10:49 UTC 2026
// 重构日志: 7cdc1798
// 重构日志: ef029d71
// 同步 ID: dd57e961 @ Thu Jul 16 12:56:45 UTC 2026
// 同步 ID: 6e41f179 @ Fri Jul 17 09:10:17 UTC 2026
// 同步 ID: 6a4327bc @ Sun Jul 19 15:38:32 UTC 2026
// 重构日志: a161c03e
